[2025-11-20 13:17:06,476] INFO [QuorumController id=1] Creating new QuorumController with clusterId 0xoMYKQvREKf9GwGGAlTDg. (org.apache.kafka.controller.QuorumController)
[2025-11-20 13:17:06,480] INFO [QuorumController id=1] Becoming the active controller at epoch 1, next write offset 1. (org.apache.kafka.controller.QuorumController)
[2025-11-20 13:17:06,483] WARN [QuorumController id=1] Performing controller activation. The metadata log appears to be empty. Appending 1 bootstrap record(s) in metadata transaction at metadata.version 3.8-IV0 from bootstrap source 'the binary bootstrap metadata file: /tmp/kraft-combined-logs/bootstrap.checkpoint'. Setting the ZK migration state to NONE since this is a de-novo KRaft cluster. (org.apache.kafka.controller.QuorumController)
[2025-11-20 13:17:06,485] INFO [QuorumController id=1] Replayed BeginTransactionRecord(name='Bootstrap records') at offset 1. (org.apache.kafka.controller.OffsetControlManager)
[2025-11-20 13:17:06,485] INFO [QuorumController id=1] Replayed a FeatureLevelRecord setting metadata.version to 3.8-IV0 (org.apache.kafka.controller.FeatureControlManager)
[2025-11-20 13:17:06,486] INFO [QuorumController id=1] Replayed EndTransactionRecord() at offset 4. (org.apache.kafka.controller.OffsetControlManager)
[2025-11-20 13:17:06,606] INFO [QuorumController id=1] Replayed RegisterControllerRecord contaning ControllerRegistration(id=1, incarnationId=_y9FPdQIQVyfDH0AsiUflA, zkMigrationReady=false, listeners=[Endpoint(listenerName='CONTROLLER', securityProtocol=PLAINTEXT, host='ubuntu', port=9093)], supportedFeatures={metadata.version: 1-20}). (org.apache.kafka.controller.ClusterControlManager)
[2025-11-20 13:17:06,696] WARN [QuorumController id=1] Broker 1 registered with feature metadata.version that is unknown to the controller (org.apache.kafka.controller.ClusterControlManager)
[2025-11-20 13:17:06,710] INFO [QuorumController id=1] Replayed initial RegisterBrokerRecord for broker 1: RegisterBrokerRecord(brokerId=1, isMigratingZkBroker=false, incarnationId=E0GNb5kwRNCxyg_P6FsovQ, brokerEpoch=6, endPoints=[BrokerEndpoint(name='PLAINTEXT', host='localhost', port=9092, securityProtocol=0)], features=[BrokerFeature(name='metadata.version', minSupportedVersion=1, maxSupportedVersion=20)], rack=null, fenced=true, inControlledShutdown=false, logDirs=[sB1m08fJezMeY1gcv7ctzg]) (org.apache.kafka.controller.ClusterControlManager)
[2025-11-20 13:17:06,839] INFO [QuorumController id=1] The request from broker 1 to unfence has been granted because it has caught up with the offset of its register broker record 6. (org.apache.kafka.controller.BrokerHeartbeatManager)
[2025-11-20 13:17:06,845] INFO [QuorumController id=1] Replayed BrokerRegistrationChangeRecord modifying the registration for broker 1: BrokerRegistrationChangeRecord(brokerId=1, brokerEpoch=6, fenced=-1, inControlledShutdown=0, logDirs=[]) (org.apache.kafka.controller.ClusterControlManager)
[2025-11-20 13:20:22,083] INFO [QuorumController id=1] CreateTopics result(s): CreatableTopic(name='weather-data', numPartitions=1, replicationFactor=1, assignments=[], configs=[]): SUCCESS (org.apache.kafka.controller.ReplicationControlManager)
[2025-11-20 13:20:22,084] INFO [QuorumController id=1] Replayed TopicRecord for topic weather-data with topic ID ieA4HUReTACGGYfCK9oEKA. (org.apache.kafka.controller.ReplicationControlManager)
[2025-11-20 13:20:22,084] INFO [QuorumController id=1] Replayed PartitionRecord for new partition weather-data-0 with topic ID ieA4HUReTACGGYfCK9oEKA and PartitionRegistration(replicas=[1], directories=[sB1m08fJezMeY1gcv7ctzg], isr=[1], removingReplicas=[], addingReplicas=[], elr=[], lastKnownElr=[], leader=1, leaderRecoveryState=RECOVERED, leaderEpoch=0, partitionEpoch=0). (org.apache.kafka.controller.ReplicationControlManager)
[2025-11-20 13:50:19,551] INFO [QuorumController id=1] Creating new QuorumController with clusterId 0xoMYKQvREKf9GwGGAlTDg. (org.apache.kafka.controller.QuorumController)
[2025-11-20 13:50:19,559] INFO [QuorumController id=1] Replayed BeginTransactionRecord(name='Bootstrap records') at offset 1. (org.apache.kafka.controller.OffsetControlManager)
[2025-11-20 13:50:19,561] INFO [QuorumController id=1] Replayed a FeatureLevelRecord setting metadata.version to 3.8-IV0 (org.apache.kafka.controller.FeatureControlManager)
[2025-11-20 13:50:19,561] INFO [QuorumController id=1] Replayed EndTransactionRecord() at offset 4. (org.apache.kafka.controller.OffsetControlManager)
[2025-11-20 13:50:19,565] INFO [QuorumController id=1] Replayed RegisterControllerRecord contaning ControllerRegistration(id=1, incarnationId=_y9FPdQIQVyfDH0AsiUflA, zkMigrationReady=false, listeners=[Endpoint(listenerName='CONTROLLER', securityProtocol=PLAINTEXT, host='ubuntu', port=9093)], supportedFeatures={metadata.version: 1-20}). (org.apache.kafka.controller.ClusterControlManager)
[2025-11-20 13:50:19,566] INFO [QuorumController id=1] Replayed initial RegisterBrokerRecord for broker 1: RegisterBrokerRecord(brokerId=1, isMigratingZkBroker=false, incarnationId=E0GNb5kwRNCxyg_P6FsovQ, brokerEpoch=6, endPoints=[BrokerEndpoint(name='PLAINTEXT', host='localhost', port=9092, securityProtocol=0)], features=[BrokerFeature(name='metadata.version', minSupportedVersion=1, maxSupportedVersion=20)], rack=null, fenced=true, inControlledShutdown=false, logDirs=[sB1m08fJezMeY1gcv7ctzg]) (org.apache.kafka.controller.ClusterControlManager)
[2025-11-20 13:50:19,567] INFO [QuorumController id=1] Replayed BrokerRegistrationChangeRecord modifying the registration for broker 1: BrokerRegistrationChangeRecord(brokerId=1, brokerEpoch=6, fenced=-1, inControlledShutdown=0, logDirs=[]) (org.apache.kafka.controller.ClusterControlManager)
[2025-11-20 13:50:19,575] INFO [QuorumController id=1] Replayed TopicRecord for topic weather-data with topic ID ieA4HUReTACGGYfCK9oEKA. (org.apache.kafka.controller.ReplicationControlManager)
[2025-11-20 13:50:19,575] INFO [QuorumController id=1] Replayed PartitionRecord for new partition weather-data-0 with topic ID ieA4HUReTACGGYfCK9oEKA and PartitionRegistration(replicas=[1], directories=[sB1m08fJezMeY1gcv7ctzg], isr=[1], removingReplicas=[], addingReplicas=[], elr=[], lastKnownElr=[], leader=1, leaderRecoveryState=RECOVERED, leaderEpoch=0, partitionEpoch=0). (org.apache.kafka.controller.ReplicationControlManager)
[2025-11-20 13:50:19,629] INFO [QuorumController id=1] Becoming the active controller at epoch 2, next write offset 3993. (org.apache.kafka.controller.QuorumController)
[2025-11-20 13:50:19,634] WARN [QuorumController id=1] Performing controller activation. Loaded ZK migration state of NONE. (org.apache.kafka.controller.QuorumController)
[2025-11-20 13:50:25,188] INFO [QuorumController id=1] CreateTopics result(s): CreatableTopic(name='weather-data', numPartitions=1, replicationFactor=1, assignments=[], configs=[]): TOPIC_ALREADY_EXISTS (Topic 'weather-data' already exists.) (org.apache.kafka.controller.ReplicationControlManager)
